2024-07-29 13:22:05,281 DEBUG    root            Loaded Command Group: ['gcloud', 'components']
2024-07-29 13:22:05,284 DEBUG    root            Loaded Command Group: ['gcloud', 'components', 'update']
2024-07-29 13:22:05,286 DEBUG    root            Running [gcloud.components.update] with arguments: [--quiet: "True", COMPONENT-IDS:8: "['gcloud', 'core', 'bq', 'gsutil', 'compute', 'preview', 'alpha', 'beta']"]
2024-07-29 13:22:05,287 INFO     ___FILE_ONLY___ Beginning update. This process may take several minutes.

2024-07-29 13:22:05,296 DEBUG    urllib3.connectionpool Starting new HTTPS connection (1): dl.google.com:443
2024-07-29 13:22:05,360 DEBUG    urllib3.connectionpool https://dl.google.com:443 "GET /dl/cloudsdk/channels/rapid/components-2.json HTTP/1.1" 200 223375
2024-07-29 13:22:05,377 WARNING  root            Component [preview] no longer exists.
2024-07-29 13:22:05,377 WARNING  root            Component [compute] no longer exists.
2024-07-29 13:22:05,378 INFO     ___FILE_ONLY___ 

2024-07-29 13:22:05,379 INFO     ___FILE_ONLY___ 
Your current Google Cloud CLI version is: 485.0.0

2024-07-29 13:22:05,379 INFO     ___FILE_ONLY___ Installing components from version: 485.0.0

2024-07-29 13:22:05,379 INFO     ___FILE_ONLY___ 

2024-07-29 13:22:05,379 DEBUG    root            Chosen display Format:table[box,title="These components will be removed."](details.display_name:label=Name:align=left,version.version_string:label=Version:align=right,data.size.size(zero="",min=1048576):label=Size:align=right)
2024-07-29 13:22:05,380 DEBUG    root            Chosen display Format:table[box,title="These components will be updated."](details.display_name:label=Name:align=left,version.version_string:label=Version:align=right,data.size.size(zero="",min=1048576):label=Size:align=right)
2024-07-29 13:22:05,381 DEBUG    root            Chosen display Format:table[box,title="These components will be installed."](details.display_name:label=Name:align=left,version.version_string:label=Version:align=right,data.size.size(zero="",min=1048576):label=Size:align=right)
2024-07-29 13:22:05,417 INFO     ___FILE_ONLY___ ┌──────────────────────────────────────────────┐
2024-07-29 13:22:05,417 INFO     ___FILE_ONLY___ 

2024-07-29 13:22:05,418 INFO     ___FILE_ONLY___ │     These components will be installed.      │
2024-07-29 13:22:05,418 INFO     ___FILE_ONLY___ 

2024-07-29 13:22:05,418 INFO     ___FILE_ONLY___ ├───────────────────────┬────────────┬─────────┤
2024-07-29 13:22:05,418 INFO     ___FILE_ONLY___ 

2024-07-29 13:22:05,418 INFO     ___FILE_ONLY___ │          Name         │  Version   │   Size  │
2024-07-29 13:22:05,418 INFO     ___FILE_ONLY___ 

2024-07-29 13:22:05,418 INFO     ___FILE_ONLY___ ├───────────────────────┼────────────┼─────────┤
2024-07-29 13:22:05,418 INFO     ___FILE_ONLY___ 

2024-07-29 13:22:05,418 INFO     ___FILE_ONLY___ │ 
2024-07-29 13:22:05,418 INFO     ___FILE_ONLY___ gcloud Alpha Commands
2024-07-29 13:22:05,418 INFO     ___FILE_ONLY___  
2024-07-29 13:22:05,419 INFO     ___FILE_ONLY___ │ 
2024-07-29 13:22:05,419 INFO     ___FILE_ONLY___ 2024.07.19
2024-07-29 13:22:05,419 INFO     ___FILE_ONLY___  
2024-07-29 13:22:05,419 INFO     ___FILE_ONLY___ │ 
2024-07-29 13:22:05,419 INFO     ___FILE_ONLY___ < 1 MiB
2024-07-29 13:22:05,419 INFO     ___FILE_ONLY___  
2024-07-29 13:22:05,419 INFO     ___FILE_ONLY___ │
2024-07-29 13:22:05,419 INFO     ___FILE_ONLY___ 

2024-07-29 13:22:05,419 INFO     ___FILE_ONLY___ │ 
2024-07-29 13:22:05,419 INFO     ___FILE_ONLY___ gcloud Beta Commands 
2024-07-29 13:22:05,419 INFO     ___FILE_ONLY___  
2024-07-29 13:22:05,420 INFO     ___FILE_ONLY___ │ 
2024-07-29 13:22:05,420 INFO     ___FILE_ONLY___ 2024.07.19
2024-07-29 13:22:05,420 INFO     ___FILE_ONLY___  
2024-07-29 13:22:05,420 INFO     ___FILE_ONLY___ │ 
2024-07-29 13:22:05,420 INFO     ___FILE_ONLY___ < 1 MiB
2024-07-29 13:22:05,420 INFO     ___FILE_ONLY___  
2024-07-29 13:22:05,420 INFO     ___FILE_ONLY___ │
2024-07-29 13:22:05,420 INFO     ___FILE_ONLY___ 

2024-07-29 13:22:05,420 INFO     ___FILE_ONLY___ └───────────────────────┴────────────┴─────────┘
2024-07-29 13:22:05,420 INFO     ___FILE_ONLY___ 

2024-07-29 13:22:05,420 INFO     ___FILE_ONLY___ 

2024-07-29 13:22:05,424 DEBUG    urllib3.connectionpool Starting new HTTPS connection (1): dl.google.com:443
2024-07-29 13:22:05,487 DEBUG    urllib3.connectionpool https://dl.google.com:443 "GET /dl/cloudsdk/channels/rapid/RELEASE_NOTES HTTP/1.1" 200 1246196
2024-07-29 13:22:05,521 INFO     ___FILE_ONLY___ For the latest full release notes, please visit:
  https://cloud.google.com/sdk/release_notes


2024-07-29 13:22:05,521 INFO     ___FILE_ONLY___ Performing in place update...


2024-07-29 13:22:05,523 INFO     ___FILE_ONLY___ ╔════════════════════════════════════════════════════════════╗

2024-07-29 13:22:05,523 INFO     ___FILE_ONLY___ ╠═ Downloading: gcloud Alpha Commands                       ═╣

2024-07-29 13:22:05,524 INFO     ___FILE_ONLY___ ╚
2024-07-29 13:22:05,527 DEBUG    urllib3.connectionpool Starting new HTTPS connection (1): dl.google.com:443
2024-07-29 13:22:05,589 DEBUG    urllib3.connectionpool https://dl.google.com:443 "GET /dl/cloudsdk/channels/rapid/components/google-cloud-sdk-alpha-20240719191136.tar.gz HTTP/1.1" 200 800
2024-07-29 13:22:05,590 INFO     ___FILE_ONLY___ ════════════════════════════════════════════════════════════
2024-07-29 13:22:05,590 INFO     ___FILE_ONLY___ ╝

2024-07-29 13:22:05,592 INFO     ___FILE_ONLY___ ╔════════════════════════════════════════════════════════════╗

2024-07-29 13:22:05,592 INFO     ___FILE_ONLY___ ╠═ Downloading: gcloud Beta Commands                        ═╣

2024-07-29 13:22:05,592 INFO     ___FILE_ONLY___ ╚
2024-07-29 13:22:05,596 DEBUG    urllib3.connectionpool Starting new HTTPS connection (1): dl.google.com:443
2024-07-29 13:22:05,654 DEBUG    urllib3.connectionpool https://dl.google.com:443 "GET /dl/cloudsdk/channels/rapid/components/google-cloud-sdk-beta-20240719191136.tar.gz HTTP/1.1" 200 797
2024-07-29 13:22:05,655 INFO     ___FILE_ONLY___ ════════════════════════════════════════════════════════════
2024-07-29 13:22:05,655 INFO     ___FILE_ONLY___ ╝

2024-07-29 13:22:05,657 INFO     ___FILE_ONLY___ ╔════════════════════════════════════════════════════════════╗

2024-07-29 13:22:05,657 INFO     ___FILE_ONLY___ ╠═ Installing: gcloud Alpha Commands                        ═╣

2024-07-29 13:22:05,657 INFO     ___FILE_ONLY___ ╚
2024-07-29 13:22:05,659 INFO     ___FILE_ONLY___ ════════════════════════════════════════════════════════════
2024-07-29 13:22:05,659 INFO     ___FILE_ONLY___ ╝

2024-07-29 13:22:05,665 INFO     ___FILE_ONLY___ ╔════════════════════════════════════════════════════════════╗

2024-07-29 13:22:05,665 INFO     ___FILE_ONLY___ ╠═ Installing: gcloud Beta Commands                         ═╣

2024-07-29 13:22:05,665 INFO     ___FILE_ONLY___ ╚
2024-07-29 13:22:05,666 INFO     ___FILE_ONLY___ ════════════════════════════════════════════════════════════
2024-07-29 13:22:05,666 INFO     ___FILE_ONLY___ ╝

2024-07-29 13:22:05,673 DEBUG    root            Updating notification cache...
2024-07-29 13:22:05,674 INFO     ___FILE_ONLY___ 

2024-07-29 13:22:05,675 INFO     ___FILE_ONLY___ Performing post processing steps...
2024-07-29 13:22:05,676 DEBUG    root            Executing command: ['/tools/google-cloud-sdk/bin/gcloud', 'components', 'post-process']
2024-07-29 13:22:15,361 DEBUG    ___FILE_ONLY___ 
2024-07-29 13:22:15,361 DEBUG    ___FILE_ONLY___ 
2024-07-29 13:22:15,440 INFO     ___FILE_ONLY___ 
Update done!


2024-07-29 13:22:15,443 DEBUG    root            Chosen display Format:none
2024-07-29 13:22:15,443 INFO     root            Display format: "none"
